[2025-07-01T07:03:58.886+0000] {processor.py:161} INFO - Started process (PID=167) to work on /opt/airflow/dags/etl_pipeline.py
[2025-07-01T07:03:58.891+0000] {processor.py:830} INFO - Processing file /opt/airflow/dags/etl_pipeline.py for tasks to queue
[2025-07-01T07:03:58.899+0000] {logging_mixin.py:188} INFO - [2025-07-01T07:03:58.899+0000] {dagbag.py:545} INFO - Filling up the DagBag from /opt/airflow/dags/etl_pipeline.py
[2025-07-01T07:04:00.425+0000] {processor.py:840} INFO - DAG(s) 'etl_pipeline' retrieved from /opt/airflow/dags/etl_pipeline.py
[2025-07-01T07:04:00.481+0000] {logging_mixin.py:188} INFO - [2025-07-01T07:04:00.481+0000] {dag.py:3096} INFO - Sync 1 DAGs
[2025-07-01T07:04:00.510+0000] {logging_mixin.py:188} INFO - [2025-07-01T07:04:00.510+0000] {dag.py:3954} INFO - Setting next_dagrun for etl_pipeline to 2025-07-01 00:00:00+00:00, run_after=2025-07-02 00:00:00+00:00
[2025-07-01T07:04:00.535+0000] {processor.py:183} INFO - Processing /opt/airflow/dags/etl_pipeline.py took 1.663 seconds
[2025-07-01T07:04:30.709+0000] {processor.py:161} INFO - Started process (PID=186) to work on /opt/airflow/dags/etl_pipeline.py
[2025-07-01T07:04:30.711+0000] {processor.py:830} INFO - Processing file /opt/airflow/dags/etl_pipeline.py for tasks to queue
[2025-07-01T07:04:30.713+0000] {logging_mixin.py:188} INFO - [2025-07-01T07:04:30.712+0000] {dagbag.py:545} INFO - Filling up the DagBag from /opt/airflow/dags/etl_pipeline.py
[2025-07-01T07:04:30.982+0000] {processor.py:840} INFO - DAG(s) 'etl_pipeline' retrieved from /opt/airflow/dags/etl_pipeline.py
[2025-07-01T07:04:31.006+0000] {logging_mixin.py:188} INFO - [2025-07-01T07:04:31.006+0000] {dag.py:3096} INFO - Sync 1 DAGs
[2025-07-01T07:04:31.025+0000] {logging_mixin.py:188} INFO - [2025-07-01T07:04:31.025+0000] {dag.py:3954} INFO - Setting next_dagrun for etl_pipeline to 2025-07-01 00:00:00+00:00, run_after=2025-07-02 00:00:00+00:00
[2025-07-01T07:04:31.039+0000] {processor.py:183} INFO - Processing /opt/airflow/dags/etl_pipeline.py took 0.337 seconds
[2025-07-01T07:05:01.183+0000] {processor.py:161} INFO - Started process (PID=192) to work on /opt/airflow/dags/etl_pipeline.py
[2025-07-01T07:05:01.184+0000] {processor.py:830} INFO - Processing file /opt/airflow/dags/etl_pipeline.py for tasks to queue
[2025-07-01T07:05:01.186+0000] {logging_mixin.py:188} INFO - [2025-07-01T07:05:01.186+0000] {dagbag.py:545} INFO - Filling up the DagBag from /opt/airflow/dags/etl_pipeline.py
[2025-07-01T07:05:01.456+0000] {processor.py:840} INFO - DAG(s) 'etl_pipeline' retrieved from /opt/airflow/dags/etl_pipeline.py
[2025-07-01T07:05:01.482+0000] {logging_mixin.py:188} INFO - [2025-07-01T07:05:01.482+0000] {dag.py:3096} INFO - Sync 1 DAGs
[2025-07-01T07:05:01.505+0000] {logging_mixin.py:188} INFO - [2025-07-01T07:05:01.505+0000] {dag.py:3954} INFO - Setting next_dagrun for etl_pipeline to 2025-07-01 00:00:00+00:00, run_after=2025-07-02 00:00:00+00:00
[2025-07-01T07:05:01.522+0000] {processor.py:183} INFO - Processing /opt/airflow/dags/etl_pipeline.py took 0.345 seconds
[2025-07-01T07:05:31.665+0000] {processor.py:161} INFO - Started process (PID=198) to work on /opt/airflow/dags/etl_pipeline.py
[2025-07-01T07:05:31.666+0000] {processor.py:830} INFO - Processing file /opt/airflow/dags/etl_pipeline.py for tasks to queue
[2025-07-01T07:05:31.668+0000] {logging_mixin.py:188} INFO - [2025-07-01T07:05:31.668+0000] {dagbag.py:545} INFO - Filling up the DagBag from /opt/airflow/dags/etl_pipeline.py
[2025-07-01T07:05:31.925+0000] {processor.py:840} INFO - DAG(s) 'etl_pipeline' retrieved from /opt/airflow/dags/etl_pipeline.py
[2025-07-01T07:05:31.949+0000] {logging_mixin.py:188} INFO - [2025-07-01T07:05:31.948+0000] {dag.py:3096} INFO - Sync 1 DAGs
[2025-07-01T07:05:31.968+0000] {logging_mixin.py:188} INFO - [2025-07-01T07:05:31.968+0000] {dag.py:3954} INFO - Setting next_dagrun for etl_pipeline to 2025-07-01 00:00:00+00:00, run_after=2025-07-02 00:00:00+00:00
[2025-07-01T07:05:31.984+0000] {processor.py:183} INFO - Processing /opt/airflow/dags/etl_pipeline.py took 0.326 seconds
[2025-07-01T07:06:02.121+0000] {processor.py:161} INFO - Started process (PID=204) to work on /opt/airflow/dags/etl_pipeline.py
[2025-07-01T07:06:02.122+0000] {processor.py:830} INFO - Processing file /opt/airflow/dags/etl_pipeline.py for tasks to queue
[2025-07-01T07:06:02.124+0000] {logging_mixin.py:188} INFO - [2025-07-01T07:06:02.123+0000] {dagbag.py:545} INFO - Filling up the DagBag from /opt/airflow/dags/etl_pipeline.py
[2025-07-01T07:06:02.388+0000] {processor.py:840} INFO - DAG(s) 'etl_pipeline' retrieved from /opt/airflow/dags/etl_pipeline.py
[2025-07-01T07:06:02.412+0000] {logging_mixin.py:188} INFO - [2025-07-01T07:06:02.411+0000] {dag.py:3096} INFO - Sync 1 DAGs
[2025-07-01T07:06:02.431+0000] {logging_mixin.py:188} INFO - [2025-07-01T07:06:02.430+0000] {dag.py:3954} INFO - Setting next_dagrun for etl_pipeline to 2025-07-01 00:00:00+00:00, run_after=2025-07-02 00:00:00+00:00
[2025-07-01T07:06:02.446+0000] {processor.py:183} INFO - Processing /opt/airflow/dags/etl_pipeline.py took 0.331 seconds
[2025-07-01T07:06:32.590+0000] {processor.py:161} INFO - Started process (PID=210) to work on /opt/airflow/dags/etl_pipeline.py
[2025-07-01T07:06:32.591+0000] {processor.py:830} INFO - Processing file /opt/airflow/dags/etl_pipeline.py for tasks to queue
[2025-07-01T07:06:32.593+0000] {logging_mixin.py:188} INFO - [2025-07-01T07:06:32.592+0000] {dagbag.py:545} INFO - Filling up the DagBag from /opt/airflow/dags/etl_pipeline.py
[2025-07-01T07:06:32.853+0000] {processor.py:840} INFO - DAG(s) 'etl_pipeline' retrieved from /opt/airflow/dags/etl_pipeline.py
[2025-07-01T07:06:32.878+0000] {logging_mixin.py:188} INFO - [2025-07-01T07:06:32.878+0000] {dag.py:3096} INFO - Sync 1 DAGs
[2025-07-01T07:06:32.896+0000] {logging_mixin.py:188} INFO - [2025-07-01T07:06:32.896+0000] {dag.py:3954} INFO - Setting next_dagrun for etl_pipeline to 2025-07-01 00:00:00+00:00, run_after=2025-07-02 00:00:00+00:00
[2025-07-01T07:06:32.912+0000] {processor.py:183} INFO - Processing /opt/airflow/dags/etl_pipeline.py took 0.329 seconds
[2025-07-01T07:07:03.051+0000] {processor.py:161} INFO - Started process (PID=216) to work on /opt/airflow/dags/etl_pipeline.py
[2025-07-01T07:07:03.052+0000] {processor.py:830} INFO - Processing file /opt/airflow/dags/etl_pipeline.py for tasks to queue
[2025-07-01T07:07:03.054+0000] {logging_mixin.py:188} INFO - [2025-07-01T07:07:03.054+0000] {dagbag.py:545} INFO - Filling up the DagBag from /opt/airflow/dags/etl_pipeline.py
[2025-07-01T07:07:03.317+0000] {processor.py:840} INFO - DAG(s) 'etl_pipeline' retrieved from /opt/airflow/dags/etl_pipeline.py
[2025-07-01T07:07:03.341+0000] {logging_mixin.py:188} INFO - [2025-07-01T07:07:03.341+0000] {dag.py:3096} INFO - Sync 1 DAGs
[2025-07-01T07:07:03.359+0000] {logging_mixin.py:188} INFO - [2025-07-01T07:07:03.359+0000] {dag.py:3954} INFO - Setting next_dagrun for etl_pipeline to 2025-07-01 00:00:00+00:00, run_after=2025-07-02 00:00:00+00:00
[2025-07-01T07:07:03.374+0000] {processor.py:183} INFO - Processing /opt/airflow/dags/etl_pipeline.py took 0.329 seconds
[2025-07-01T07:07:33.523+0000] {processor.py:161} INFO - Started process (PID=222) to work on /opt/airflow/dags/etl_pipeline.py
[2025-07-01T07:07:33.524+0000] {processor.py:830} INFO - Processing file /opt/airflow/dags/etl_pipeline.py for tasks to queue
[2025-07-01T07:07:33.526+0000] {logging_mixin.py:188} INFO - [2025-07-01T07:07:33.525+0000] {dagbag.py:545} INFO - Filling up the DagBag from /opt/airflow/dags/etl_pipeline.py
[2025-07-01T07:07:33.790+0000] {processor.py:840} INFO - DAG(s) 'etl_pipeline' retrieved from /opt/airflow/dags/etl_pipeline.py
[2025-07-01T07:07:33.815+0000] {logging_mixin.py:188} INFO - [2025-07-01T07:07:33.815+0000] {dag.py:3096} INFO - Sync 1 DAGs
[2025-07-01T07:07:33.836+0000] {logging_mixin.py:188} INFO - [2025-07-01T07:07:33.836+0000] {dag.py:3954} INFO - Setting next_dagrun for etl_pipeline to 2025-07-01 00:00:00+00:00, run_after=2025-07-02 00:00:00+00:00
[2025-07-01T07:07:33.852+0000] {processor.py:183} INFO - Processing /opt/airflow/dags/etl_pipeline.py took 0.335 seconds
[2025-07-01T07:08:03.997+0000] {processor.py:161} INFO - Started process (PID=228) to work on /opt/airflow/dags/etl_pipeline.py
[2025-07-01T07:08:03.998+0000] {processor.py:830} INFO - Processing file /opt/airflow/dags/etl_pipeline.py for tasks to queue
[2025-07-01T07:08:04.000+0000] {logging_mixin.py:188} INFO - [2025-07-01T07:08:03.999+0000] {dagbag.py:545} INFO - Filling up the DagBag from /opt/airflow/dags/etl_pipeline.py
[2025-07-01T07:08:04.267+0000] {processor.py:840} INFO - DAG(s) 'etl_pipeline' retrieved from /opt/airflow/dags/etl_pipeline.py
[2025-07-01T07:08:04.291+0000] {logging_mixin.py:188} INFO - [2025-07-01T07:08:04.290+0000] {dag.py:3096} INFO - Sync 1 DAGs
[2025-07-01T07:08:04.310+0000] {logging_mixin.py:188} INFO - [2025-07-01T07:08:04.309+0000] {dag.py:3954} INFO - Setting next_dagrun for etl_pipeline to 2025-07-01 00:00:00+00:00, run_after=2025-07-02 00:00:00+00:00
[2025-07-01T07:08:04.326+0000] {processor.py:183} INFO - Processing /opt/airflow/dags/etl_pipeline.py took 0.336 seconds
[2025-07-01T07:08:34.479+0000] {processor.py:161} INFO - Started process (PID=234) to work on /opt/airflow/dags/etl_pipeline.py
[2025-07-01T07:08:34.480+0000] {processor.py:830} INFO - Processing file /opt/airflow/dags/etl_pipeline.py for tasks to queue
[2025-07-01T07:08:34.482+0000] {logging_mixin.py:188} INFO - [2025-07-01T07:08:34.482+0000] {dagbag.py:545} INFO - Filling up the DagBag from /opt/airflow/dags/etl_pipeline.py
[2025-07-01T07:08:34.766+0000] {processor.py:840} INFO - DAG(s) 'etl_pipeline' retrieved from /opt/airflow/dags/etl_pipeline.py
[2025-07-01T07:08:34.793+0000] {logging_mixin.py:188} INFO - [2025-07-01T07:08:34.793+0000] {dag.py:3096} INFO - Sync 1 DAGs
[2025-07-01T07:08:34.815+0000] {logging_mixin.py:188} INFO - [2025-07-01T07:08:34.815+0000] {dag.py:3954} INFO - Setting next_dagrun for etl_pipeline to 2025-07-01 00:00:00+00:00, run_after=2025-07-02 00:00:00+00:00
[2025-07-01T07:08:34.832+0000] {processor.py:183} INFO - Processing /opt/airflow/dags/etl_pipeline.py took 0.359 seconds
[2025-07-01T07:09:05.003+0000] {processor.py:161} INFO - Started process (PID=240) to work on /opt/airflow/dags/etl_pipeline.py
[2025-07-01T07:09:05.004+0000] {processor.py:830} INFO - Processing file /opt/airflow/dags/etl_pipeline.py for tasks to queue
[2025-07-01T07:09:05.006+0000] {logging_mixin.py:188} INFO - [2025-07-01T07:09:05.006+0000] {dagbag.py:545} INFO - Filling up the DagBag from /opt/airflow/dags/etl_pipeline.py
[2025-07-01T07:09:05.288+0000] {processor.py:840} INFO - DAG(s) 'etl_pipeline' retrieved from /opt/airflow/dags/etl_pipeline.py
[2025-07-01T07:09:05.314+0000] {logging_mixin.py:188} INFO - [2025-07-01T07:09:05.313+0000] {dag.py:3096} INFO - Sync 1 DAGs
[2025-07-01T07:09:05.336+0000] {logging_mixin.py:188} INFO - [2025-07-01T07:09:05.335+0000] {dag.py:3954} INFO - Setting next_dagrun for etl_pipeline to 2025-07-01 00:00:00+00:00, run_after=2025-07-02 00:00:00+00:00
[2025-07-01T07:09:05.352+0000] {processor.py:183} INFO - Processing /opt/airflow/dags/etl_pipeline.py took 0.355 seconds
[2025-07-01T07:09:35.509+0000] {processor.py:161} INFO - Started process (PID=246) to work on /opt/airflow/dags/etl_pipeline.py
[2025-07-01T07:09:35.510+0000] {processor.py:830} INFO - Processing file /opt/airflow/dags/etl_pipeline.py for tasks to queue
[2025-07-01T07:09:35.511+0000] {logging_mixin.py:188} INFO - [2025-07-01T07:09:35.511+0000] {dagbag.py:545} INFO - Filling up the DagBag from /opt/airflow/dags/etl_pipeline.py
[2025-07-01T07:09:35.779+0000] {processor.py:840} INFO - DAG(s) 'etl_pipeline' retrieved from /opt/airflow/dags/etl_pipeline.py
[2025-07-01T07:09:35.803+0000] {logging_mixin.py:188} INFO - [2025-07-01T07:09:35.803+0000] {dag.py:3096} INFO - Sync 1 DAGs
[2025-07-01T07:09:35.822+0000] {logging_mixin.py:188} INFO - [2025-07-01T07:09:35.822+0000] {dag.py:3954} INFO - Setting next_dagrun for etl_pipeline to 2025-07-01 00:00:00+00:00, run_after=2025-07-02 00:00:00+00:00
[2025-07-01T07:09:35.838+0000] {processor.py:183} INFO - Processing /opt/airflow/dags/etl_pipeline.py took 0.336 seconds
[2025-07-01T07:10:05.983+0000] {processor.py:161} INFO - Started process (PID=252) to work on /opt/airflow/dags/etl_pipeline.py
[2025-07-01T07:10:05.984+0000] {processor.py:830} INFO - Processing file /opt/airflow/dags/etl_pipeline.py for tasks to queue
[2025-07-01T07:10:05.986+0000] {logging_mixin.py:188} INFO - [2025-07-01T07:10:05.986+0000] {dagbag.py:545} INFO - Filling up the DagBag from /opt/airflow/dags/etl_pipeline.py
[2025-07-01T07:10:06.249+0000] {processor.py:840} INFO - DAG(s) 'etl_pipeline' retrieved from /opt/airflow/dags/etl_pipeline.py
[2025-07-01T07:10:06.273+0000] {logging_mixin.py:188} INFO - [2025-07-01T07:10:06.273+0000] {dag.py:3096} INFO - Sync 1 DAGs
[2025-07-01T07:10:06.293+0000] {logging_mixin.py:188} INFO - [2025-07-01T07:10:06.293+0000] {dag.py:3954} INFO - Setting next_dagrun for etl_pipeline to 2025-07-01 00:00:00+00:00, run_after=2025-07-02 00:00:00+00:00
[2025-07-01T07:10:06.308+0000] {processor.py:183} INFO - Processing /opt/airflow/dags/etl_pipeline.py took 0.331 seconds
[2025-07-01T07:10:36.443+0000] {processor.py:161} INFO - Started process (PID=258) to work on /opt/airflow/dags/etl_pipeline.py
[2025-07-01T07:10:36.444+0000] {processor.py:830} INFO - Processing file /opt/airflow/dags/etl_pipeline.py for tasks to queue
[2025-07-01T07:10:36.446+0000] {logging_mixin.py:188} INFO - [2025-07-01T07:10:36.445+0000] {dagbag.py:545} INFO - Filling up the DagBag from /opt/airflow/dags/etl_pipeline.py
[2025-07-01T07:10:36.709+0000] {processor.py:840} INFO - DAG(s) 'etl_pipeline' retrieved from /opt/airflow/dags/etl_pipeline.py
[2025-07-01T07:10:36.735+0000] {logging_mixin.py:188} INFO - [2025-07-01T07:10:36.734+0000] {dag.py:3096} INFO - Sync 1 DAGs
[2025-07-01T07:10:36.753+0000] {logging_mixin.py:188} INFO - [2025-07-01T07:10:36.753+0000] {dag.py:3954} INFO - Setting next_dagrun for etl_pipeline to 2025-07-01 00:00:00+00:00, run_after=2025-07-02 00:00:00+00:00
[2025-07-01T07:10:36.769+0000] {processor.py:183} INFO - Processing /opt/airflow/dags/etl_pipeline.py took 0.332 seconds
[2025-07-01T07:11:06.922+0000] {processor.py:161} INFO - Started process (PID=264) to work on /opt/airflow/dags/etl_pipeline.py
[2025-07-01T07:11:06.924+0000] {processor.py:830} INFO - Processing file /opt/airflow/dags/etl_pipeline.py for tasks to queue
[2025-07-01T07:11:06.925+0000] {logging_mixin.py:188} INFO - [2025-07-01T07:11:06.925+0000] {dagbag.py:545} INFO - Filling up the DagBag from /opt/airflow/dags/etl_pipeline.py
[2025-07-01T07:11:07.186+0000] {processor.py:840} INFO - DAG(s) 'etl_pipeline' retrieved from /opt/airflow/dags/etl_pipeline.py
[2025-07-01T07:11:07.210+0000] {logging_mixin.py:188} INFO - [2025-07-01T07:11:07.210+0000] {dag.py:3096} INFO - Sync 1 DAGs
[2025-07-01T07:11:07.229+0000] {logging_mixin.py:188} INFO - [2025-07-01T07:11:07.229+0000] {dag.py:3954} INFO - Setting next_dagrun for etl_pipeline to 2025-07-01 00:00:00+00:00, run_after=2025-07-02 00:00:00+00:00
[2025-07-01T07:11:07.245+0000] {processor.py:183} INFO - Processing /opt/airflow/dags/etl_pipeline.py took 0.329 seconds
[2025-07-01T07:11:37.385+0000] {processor.py:161} INFO - Started process (PID=270) to work on /opt/airflow/dags/etl_pipeline.py
[2025-07-01T07:11:37.386+0000] {processor.py:830} INFO - Processing file /opt/airflow/dags/etl_pipeline.py for tasks to queue
[2025-07-01T07:11:37.388+0000] {logging_mixin.py:188} INFO - [2025-07-01T07:11:37.388+0000] {dagbag.py:545} INFO - Filling up the DagBag from /opt/airflow/dags/etl_pipeline.py
[2025-07-01T07:11:37.664+0000] {processor.py:840} INFO - DAG(s) 'etl_pipeline' retrieved from /opt/airflow/dags/etl_pipeline.py
[2025-07-01T07:11:37.688+0000] {logging_mixin.py:188} INFO - [2025-07-01T07:11:37.688+0000] {dag.py:3096} INFO - Sync 1 DAGs
[2025-07-01T07:11:37.708+0000] {logging_mixin.py:188} INFO - [2025-07-01T07:11:37.708+0000] {dag.py:3954} INFO - Setting next_dagrun for etl_pipeline to 2025-07-01 00:00:00+00:00, run_after=2025-07-02 00:00:00+00:00
[2025-07-01T07:11:37.724+0000] {processor.py:183} INFO - Processing /opt/airflow/dags/etl_pipeline.py took 0.344 seconds
[2025-07-01T07:12:07.872+0000] {processor.py:161} INFO - Started process (PID=276) to work on /opt/airflow/dags/etl_pipeline.py
[2025-07-01T07:12:07.873+0000] {processor.py:830} INFO - Processing file /opt/airflow/dags/etl_pipeline.py for tasks to queue
[2025-07-01T07:12:07.875+0000] {logging_mixin.py:188} INFO - [2025-07-01T07:12:07.875+0000] {dagbag.py:545} INFO - Filling up the DagBag from /opt/airflow/dags/etl_pipeline.py
[2025-07-01T07:12:08.131+0000] {processor.py:840} INFO - DAG(s) 'etl_pipeline' retrieved from /opt/airflow/dags/etl_pipeline.py
[2025-07-01T07:12:08.154+0000] {logging_mixin.py:188} INFO - [2025-07-01T07:12:08.154+0000] {dag.py:3096} INFO - Sync 1 DAGs
[2025-07-01T07:12:08.173+0000] {logging_mixin.py:188} INFO - [2025-07-01T07:12:08.173+0000] {dag.py:3954} INFO - Setting next_dagrun for etl_pipeline to 2025-07-01 00:00:00+00:00, run_after=2025-07-02 00:00:00+00:00
[2025-07-01T07:12:08.189+0000] {processor.py:183} INFO - Processing /opt/airflow/dags/etl_pipeline.py took 0.323 seconds
[2025-07-01T07:12:13.267+0000] {processor.py:161} INFO - Started process (PID=282) to work on /opt/airflow/dags/etl_pipeline.py
[2025-07-01T07:12:13.268+0000] {processor.py:830} INFO - Processing file /opt/airflow/dags/etl_pipeline.py for tasks to queue
[2025-07-01T07:12:13.270+0000] {logging_mixin.py:188} INFO - [2025-07-01T07:12:13.270+0000] {dagbag.py:545} INFO - Filling up the DagBag from /opt/airflow/dags/etl_pipeline.py
[2025-07-01T07:12:13.569+0000] {processor.py:840} INFO - DAG(s) 'etl_pipeline' retrieved from /opt/airflow/dags/etl_pipeline.py
[2025-07-01T07:12:13.595+0000] {logging_mixin.py:188} INFO - [2025-07-01T07:12:13.595+0000] {dag.py:3096} INFO - Sync 1 DAGs
[2025-07-01T07:12:13.617+0000] {logging_mixin.py:188} INFO - [2025-07-01T07:12:13.616+0000] {dag.py:3954} INFO - Setting next_dagrun for etl_pipeline to 2025-07-01 00:00:00+00:00, run_after=2025-07-02 00:00:00+00:00
[2025-07-01T07:12:13.641+0000] {processor.py:183} INFO - Processing /opt/airflow/dags/etl_pipeline.py took 0.380 seconds
