[2025-06-26T11:01:19.257+0000] {manager.py:470} INFO - Processing files using up to 2 processes at a time 
[2025-06-26T11:01:19.258+0000] {manager.py:471} INFO - Process each file at most once every 30 seconds
[2025-06-26T11:01:19.259+0000] {manager.py:472} INFO - Checking for new files in /opt/airflow/dags every 300 seconds
[2025-06-26T11:01:19.260+0000] {manager.py:737} INFO - Searching for files in /opt/airflow/dags
[2025-06-26T11:01:19.262+0000] {manager.py:740} INFO - There are 0 files in /opt/airflow/dags
[2025-06-26T11:06:19.344+0000] {manager.py:737} INFO - Searching for files in /opt/airflow/dags
[2025-06-26T11:06:19.347+0000] {manager.py:740} INFO - There are 0 files in /opt/airflow/dags
[2025-06-26T11:11:19.418+0000] {manager.py:737} INFO - Searching for files in /opt/airflow/dags
[2025-06-26T11:11:19.420+0000] {manager.py:740} INFO - There are 0 files in /opt/airflow/dags
[2025-06-26T11:16:19.483+0000] {manager.py:737} INFO - Searching for files in /opt/airflow/dags
[2025-06-26T11:16:19.486+0000] {manager.py:740} INFO - There are 0 files in /opt/airflow/dags
[2025-06-26T11:21:19.534+0000] {manager.py:737} INFO - Searching for files in /opt/airflow/dags
[2025-06-26T11:21:19.536+0000] {manager.py:740} INFO - There are 0 files in /opt/airflow/dags
[2025-06-26T11:26:19.598+0000] {manager.py:737} INFO - Searching for files in /opt/airflow/dags
[2025-06-26T11:26:19.600+0000] {manager.py:740} INFO - There are 0 files in /opt/airflow/dags
[2025-06-26T11:31:19.676+0000] {manager.py:737} INFO - Searching for files in /opt/airflow/dags
[2025-06-26T11:31:19.679+0000] {manager.py:740} INFO - There are 0 files in /opt/airflow/dags
[2025-06-26T11:36:19.740+0000] {manager.py:737} INFO - Searching for files in /opt/airflow/dags
[2025-06-26T11:36:19.743+0000] {manager.py:740} INFO - There are 0 files in /opt/airflow/dags
[2025-06-26T11:41:19.811+0000] {manager.py:737} INFO - Searching for files in /opt/airflow/dags
[2025-06-26T11:41:19.814+0000] {manager.py:740} INFO - There are 0 files in /opt/airflow/dags
[2025-06-26T11:46:19.925+0000] {manager.py:737} INFO - Searching for files in /opt/airflow/dags
[2025-06-26T11:46:19.927+0000] {manager.py:740} INFO - There are 0 files in /opt/airflow/dags
[2025-06-26T11:51:20.016+0000] {manager.py:737} INFO - Searching for files in /opt/airflow/dags
[2025-06-26T11:51:20.019+0000] {manager.py:740} INFO - There are 0 files in /opt/airflow/dags
[2025-06-26T11:56:20.112+0000] {manager.py:737} INFO - Searching for files in /opt/airflow/dags
[2025-06-26T11:56:20.114+0000] {manager.py:740} INFO - There are 0 files in /opt/airflow/dags
[2025-06-26T12:01:20.233+0000] {manager.py:737} INFO - Searching for files in /opt/airflow/dags
[2025-06-26T12:01:20.235+0000] {manager.py:740} INFO - There are 0 files in /opt/airflow/dags
[2025-06-26T12:06:20.308+0000] {manager.py:737} INFO - Searching for files in /opt/airflow/dags
[2025-06-26T12:06:20.310+0000] {manager.py:740} INFO - There are 0 files in /opt/airflow/dags
[2025-06-26T12:11:20.380+0000] {manager.py:737} INFO - Searching for files in /opt/airflow/dags
[2025-06-26T12:11:20.382+0000] {manager.py:740} INFO - There are 0 files in /opt/airflow/dags
[2025-06-26T12:16:20.464+0000] {manager.py:737} INFO - Searching for files in /opt/airflow/dags
[2025-06-26T12:16:20.466+0000] {manager.py:740} INFO - There are 0 files in /opt/airflow/dags
[2025-06-26T12:21:20.528+0000] {manager.py:737} INFO - Searching for files in /opt/airflow/dags
[2025-06-26T12:21:20.530+0000] {manager.py:740} INFO - There are 0 files in /opt/airflow/dags
[2025-06-26T12:26:20.609+0000] {manager.py:737} INFO - Searching for files in /opt/airflow/dags
[2025-06-26T12:26:20.611+0000] {manager.py:740} INFO - There are 0 files in /opt/airflow/dags
[2025-06-26T12:31:20.695+0000] {manager.py:737} INFO - Searching for files in /opt/airflow/dags
[2025-06-26T12:31:20.697+0000] {manager.py:740} INFO - There are 0 files in /opt/airflow/dags
[2025-06-26T12:36:20.762+0000] {manager.py:737} INFO - Searching for files in /opt/airflow/dags
[2025-06-26T12:36:20.765+0000] {manager.py:740} INFO - There are 0 files in /opt/airflow/dags
[2025-06-26T12:41:20.866+0000] {manager.py:737} INFO - Searching for files in /opt/airflow/dags
[2025-06-26T12:41:20.869+0000] {manager.py:740} INFO - There are 0 files in /opt/airflow/dags
[2025-06-26T12:46:20.980+0000] {manager.py:737} INFO - Searching for files in /opt/airflow/dags
[2025-06-26T12:46:20.983+0000] {manager.py:740} INFO - There are 0 files in /opt/airflow/dags
[2025-06-26T12:51:21.081+0000] {manager.py:737} INFO - Searching for files in /opt/airflow/dags
[2025-06-26T12:51:21.083+0000] {manager.py:740} INFO - There are 0 files in /opt/airflow/dags
[2025-06-26T12:56:21.195+0000] {manager.py:737} INFO - Searching for files in /opt/airflow/dags
[2025-06-26T12:56:21.197+0000] {manager.py:740} INFO - There are 0 files in /opt/airflow/dags
[2025-06-26T13:01:21.295+0000] {manager.py:737} INFO - Searching for files in /opt/airflow/dags
[2025-06-26T13:01:21.298+0000] {manager.py:740} INFO - There are 0 files in /opt/airflow/dags
[2025-06-26T13:06:21.403+0000] {manager.py:737} INFO - Searching for files in /opt/airflow/dags
[2025-06-26T13:06:21.406+0000] {manager.py:740} INFO - There are 0 files in /opt/airflow/dags
[2025-06-26T13:11:21.517+0000] {manager.py:737} INFO - Searching for files in /opt/airflow/dags
[2025-06-26T13:11:21.520+0000] {manager.py:740} INFO - There are 0 files in /opt/airflow/dags
[2025-06-26T13:16:21.609+0000] {manager.py:737} INFO - Searching for files in /opt/airflow/dags
[2025-06-26T13:16:21.611+0000] {manager.py:740} INFO - There are 0 files in /opt/airflow/dags
[2025-06-26T13:21:21.728+0000] {manager.py:737} INFO - Searching for files in /opt/airflow/dags
[2025-06-26T13:21:21.731+0000] {manager.py:740} INFO - There are 0 files in /opt/airflow/dags
[2025-06-26T13:26:21.831+0000] {manager.py:737} INFO - Searching for files in /opt/airflow/dags
[2025-06-26T13:26:21.833+0000] {manager.py:740} INFO - There are 0 files in /opt/airflow/dags
[2025-06-26T13:31:21.932+0000] {manager.py:737} INFO - Searching for files in /opt/airflow/dags
[2025-06-26T13:31:21.934+0000] {manager.py:740} INFO - There are 0 files in /opt/airflow/dags
[2025-06-26T13:36:22.054+0000] {manager.py:737} INFO - Searching for files in /opt/airflow/dags
[2025-06-26T13:36:22.057+0000] {manager.py:740} INFO - There are 0 files in /opt/airflow/dags
[2025-06-26T13:41:22.160+0000] {manager.py:737} INFO - Searching for files in /opt/airflow/dags
[2025-06-26T13:41:22.162+0000] {manager.py:740} INFO - There are 0 files in /opt/airflow/dags
[2025-06-26T13:46:22.269+0000] {manager.py:737} INFO - Searching for files in /opt/airflow/dags
[2025-06-26T13:46:22.272+0000] {manager.py:740} INFO - There are 0 files in /opt/airflow/dags
[2025-06-26T13:51:22.384+0000] {manager.py:737} INFO - Searching for files in /opt/airflow/dags
[2025-06-26T13:51:22.386+0000] {manager.py:740} INFO - There are 0 files in /opt/airflow/dags
[2025-06-26T13:56:22.488+0000] {manager.py:737} INFO - Searching for files in /opt/airflow/dags
[2025-06-26T13:56:22.490+0000] {manager.py:740} INFO - There are 0 files in /opt/airflow/dags
[2025-06-26T14:01:22.595+0000] {manager.py:737} INFO - Searching for files in /opt/airflow/dags
[2025-06-26T14:01:22.597+0000] {manager.py:740} INFO - There are 0 files in /opt/airflow/dags
[2025-06-26T14:06:22.705+0000] {manager.py:737} INFO - Searching for files in /opt/airflow/dags
[2025-06-26T14:06:22.707+0000] {manager.py:740} INFO - There are 0 files in /opt/airflow/dags
[2025-06-26T14:11:22.785+0000] {manager.py:737} INFO - Searching for files in /opt/airflow/dags
[2025-06-26T14:11:22.787+0000] {manager.py:740} INFO - There are 0 files in /opt/airflow/dags
[2025-06-26T14:12:39.038+0000] {manager.py:452} INFO - Exiting gracefully upon receiving signal 15
[2025-06-27T16:48:40.874+0000] {manager.py:470} INFO - Processing files using up to 2 processes at a time 
[2025-06-27T16:48:40.875+0000] {manager.py:471} INFO - Process each file at most once every 30 seconds
[2025-06-27T16:48:40.875+0000] {manager.py:472} INFO - Checking for new files in /opt/airflow/dags every 300 seconds
[2025-06-27T16:48:40.876+0000] {manager.py:737} INFO - Searching for files in /opt/airflow/dags
[2025-06-27T16:48:40.883+0000] {manager.py:740} INFO - There are 1 files in /opt/airflow/dags
[2025-06-27T16:48:40.958+0000] {manager.py:878} INFO - 
================================================================================
DAG File Processing Stats

File Path                            PID  Runtime      # DAGs    # Errors  Last Runtime    Last Run
---------------------------------  -----  ---------  --------  ----------  --------------  ----------
/opt/airflow/dags/etl_pipeline.py    207  0.04s             0           0
================================================================================
[2025-06-27T16:49:11.068+0000] {manager.py:878} INFO - 
================================================================================
DAG File Processing Stats

File Path                          PID    Runtime      # DAGs    # Errors  Last Runtime    Last Run
---------------------------------  -----  ---------  --------  ----------  --------------  -------------------
/opt/airflow/dags/etl_pipeline.py                           1           0  1.14s           2025-06-27T16:48:42
================================================================================
[2025-06-27T16:49:41.257+0000] {manager.py:878} INFO - 
================================================================================
DAG File Processing Stats

File Path                          PID    Runtime      # DAGs    # Errors  Last Runtime    Last Run
---------------------------------  -----  ---------  --------  ----------  --------------  -------------------
/opt/airflow/dags/etl_pipeline.py                           1           0  0.30s           2025-06-27T16:49:12
================================================================================
[2025-06-27T16:50:11.587+0000] {manager.py:878} INFO - 
================================================================================
DAG File Processing Stats

File Path                          PID    Runtime      # DAGs    # Errors  Last Runtime    Last Run
---------------------------------  -----  ---------  --------  ----------  --------------  -------------------
/opt/airflow/dags/etl_pipeline.py                           1           0  0.32s           2025-06-27T16:49:42
================================================================================
[2025-06-27T16:50:42.000+0000] {manager.py:878} INFO - 
================================================================================
DAG File Processing Stats

File Path                          PID    Runtime      # DAGs    # Errors  Last Runtime    Last Run
---------------------------------  -----  ---------  --------  ----------  --------------  -------------------
/opt/airflow/dags/etl_pipeline.py                           1           0  0.29s           2025-06-27T16:50:13
================================================================================
[2025-06-27T16:51:12.384+0000] {manager.py:878} INFO - 
================================================================================
DAG File Processing Stats

File Path                          PID    Runtime      # DAGs    # Errors  Last Runtime    Last Run
---------------------------------  -----  ---------  --------  ----------  --------------  -------------------
/opt/airflow/dags/etl_pipeline.py                           1           0  0.35s           2025-06-27T16:50:43
================================================================================
[2025-06-27T16:51:42.829+0000] {manager.py:878} INFO - 
================================================================================
DAG File Processing Stats

File Path                          PID    Runtime      # DAGs    # Errors  Last Runtime    Last Run
---------------------------------  -----  ---------  --------  ----------  --------------  -------------------
/opt/airflow/dags/etl_pipeline.py                           1           0  0.31s           2025-06-27T16:51:14
================================================================================
[2025-06-27T16:52:13.244+0000] {manager.py:878} INFO - 
================================================================================
DAG File Processing Stats

File Path                          PID    Runtime      # DAGs    # Errors  Last Runtime    Last Run
---------------------------------  -----  ---------  --------  ----------  --------------  -------------------
/opt/airflow/dags/etl_pipeline.py                           1           0  0.29s           2025-06-27T16:51:44
================================================================================
[2025-06-27T16:52:43.637+0000] {manager.py:878} INFO - 
================================================================================
DAG File Processing Stats

File Path                          PID    Runtime      # DAGs    # Errors  Last Runtime    Last Run
---------------------------------  -----  ---------  --------  ----------  --------------  -------------------
/opt/airflow/dags/etl_pipeline.py                           1           0  0.30s           2025-06-27T16:52:14
================================================================================
[2025-06-27T16:53:14.043+0000] {manager.py:878} INFO - 
================================================================================
DAG File Processing Stats

File Path                          PID    Runtime      # DAGs    # Errors  Last Runtime    Last Run
---------------------------------  -----  ---------  --------  ----------  --------------  -------------------
/opt/airflow/dags/etl_pipeline.py                           1           0  0.32s           2025-06-27T16:52:45
================================================================================
[2025-06-27T16:53:41.450+0000] {manager.py:737} INFO - Searching for files in /opt/airflow/dags
[2025-06-27T16:53:41.460+0000] {manager.py:740} INFO - There are 1 files in /opt/airflow/dags
[2025-06-27T16:53:44.480+0000] {manager.py:878} INFO - 
================================================================================
DAG File Processing Stats

File Path                          PID    Runtime      # DAGs    # Errors  Last Runtime    Last Run
---------------------------------  -----  ---------  --------  ----------  --------------  -------------------
/opt/airflow/dags/etl_pipeline.py                           1           0  0.31s           2025-06-27T16:53:15
================================================================================
[2025-06-27T16:54:14.859+0000] {manager.py:878} INFO - 
================================================================================
DAG File Processing Stats

File Path                          PID    Runtime      # DAGs    # Errors  Last Runtime    Last Run
---------------------------------  -----  ---------  --------  ----------  --------------  -------------------
/opt/airflow/dags/etl_pipeline.py                           1           0  0.30s           2025-06-27T16:53:46
================================================================================
[2025-06-27T16:54:45.250+0000] {manager.py:878} INFO - 
================================================================================
DAG File Processing Stats

File Path                          PID    Runtime      # DAGs    # Errors  Last Runtime    Last Run
---------------------------------  -----  ---------  --------  ----------  --------------  -------------------
/opt/airflow/dags/etl_pipeline.py                           1           0  0.29s           2025-06-27T16:54:16
================================================================================
[2025-06-27T16:55:15.639+0000] {manager.py:878} INFO - 
================================================================================
DAG File Processing Stats

File Path                          PID    Runtime      # DAGs    # Errors  Last Runtime    Last Run
---------------------------------  -----  ---------  --------  ----------  --------------  -------------------
/opt/airflow/dags/etl_pipeline.py                           1           0  0.29s           2025-06-27T16:54:46
================================================================================
[2025-06-27T16:55:46.029+0000] {manager.py:878} INFO - 
================================================================================
DAG File Processing Stats

File Path                          PID    Runtime      # DAGs    # Errors  Last Runtime    Last Run
---------------------------------  -----  ---------  --------  ----------  --------------  -------------------
/opt/airflow/dags/etl_pipeline.py                           1           0  0.29s           2025-06-27T16:55:17
================================================================================
[2025-06-27T16:56:16.408+0000] {manager.py:878} INFO - 
================================================================================
DAG File Processing Stats

File Path                          PID    Runtime      # DAGs    # Errors  Last Runtime    Last Run
---------------------------------  -----  ---------  --------  ----------  --------------  -------------------
/opt/airflow/dags/etl_pipeline.py                           1           0  0.31s           2025-06-27T16:55:47
================================================================================
[2025-06-27T16:56:46.805+0000] {manager.py:878} INFO - 
================================================================================
DAG File Processing Stats

File Path                          PID    Runtime      # DAGs    # Errors  Last Runtime    Last Run
---------------------------------  -----  ---------  --------  ----------  --------------  -------------------
/opt/airflow/dags/etl_pipeline.py                           1           0  0.28s           2025-06-27T16:56:17
================================================================================
[2025-06-27T16:57:17.187+0000] {manager.py:878} INFO - 
================================================================================
DAG File Processing Stats

File Path                          PID    Runtime      # DAGs    # Errors  Last Runtime    Last Run
---------------------------------  -----  ---------  --------  ----------  --------------  -------------------
/opt/airflow/dags/etl_pipeline.py                           1           0  0.27s           2025-06-27T16:56:48
================================================================================
[2025-06-27T16:57:47.554+0000] {manager.py:878} INFO - 
================================================================================
DAG File Processing Stats

File Path                          PID    Runtime      # DAGs    # Errors  Last Runtime    Last Run
---------------------------------  -----  ---------  --------  ----------  --------------  -------------------
/opt/airflow/dags/etl_pipeline.py                           1           0  0.30s           2025-06-27T16:57:18
================================================================================
[2025-06-27T16:58:17.946+0000] {manager.py:878} INFO - 
================================================================================
DAG File Processing Stats

File Path                          PID    Runtime      # DAGs    # Errors  Last Runtime    Last Run
---------------------------------  -----  ---------  --------  ----------  --------------  -------------------
/opt/airflow/dags/etl_pipeline.py                           1           0  0.29s           2025-06-27T16:57:49
================================================================================
[2025-06-27T16:58:41.571+0000] {manager.py:737} INFO - Searching for files in /opt/airflow/dags
[2025-06-27T16:58:41.585+0000] {manager.py:740} INFO - There are 1 files in /opt/airflow/dags
[2025-06-27T16:58:48.332+0000] {manager.py:878} INFO - 
================================================================================
DAG File Processing Stats

File Path                          PID    Runtime      # DAGs    # Errors  Last Runtime    Last Run
---------------------------------  -----  ---------  --------  ----------  --------------  -------------------
/opt/airflow/dags/etl_pipeline.py                           1           0  0.28s           2025-06-27T16:58:19
================================================================================
[2025-06-27T16:59:18.736+0000] {manager.py:878} INFO - 
================================================================================
DAG File Processing Stats

File Path                          PID    Runtime      # DAGs    # Errors  Last Runtime    Last Run
---------------------------------  -----  ---------  --------  ----------  --------------  -------------------
/opt/airflow/dags/etl_pipeline.py                           1           0  0.40s           2025-06-27T16:58:50
================================================================================
[2025-06-27T16:59:49.244+0000] {manager.py:878} INFO - 
================================================================================
DAG File Processing Stats

File Path                          PID    Runtime      # DAGs    # Errors  Last Runtime    Last Run
---------------------------------  -----  ---------  --------  ----------  --------------  -------------------
/opt/airflow/dags/etl_pipeline.py                           1           0  0.28s           2025-06-27T16:59:20
================================================================================
[2025-06-27T17:00:19.619+0000] {manager.py:878} INFO - 
================================================================================
DAG File Processing Stats

File Path                          PID    Runtime      # DAGs    # Errors  Last Runtime    Last Run
---------------------------------  -----  ---------  --------  ----------  --------------  -------------------
/opt/airflow/dags/etl_pipeline.py                           1           0  0.29s           2025-06-27T16:59:50
================================================================================
[2025-06-27T17:00:50.012+0000] {manager.py:878} INFO - 
================================================================================
DAG File Processing Stats

File Path                          PID    Runtime      # DAGs    # Errors  Last Runtime    Last Run
---------------------------------  -----  ---------  --------  ----------  --------------  -------------------
/opt/airflow/dags/etl_pipeline.py                           1           0  0.30s           2025-06-27T17:00:21
================================================================================
[2025-06-27T17:01:20.406+0000] {manager.py:878} INFO - 
================================================================================
DAG File Processing Stats

File Path                          PID    Runtime      # DAGs    # Errors  Last Runtime    Last Run
---------------------------------  -----  ---------  --------  ----------  --------------  -------------------
/opt/airflow/dags/etl_pipeline.py                           1           0  0.32s           2025-06-27T17:00:51
================================================================================
[2025-06-27T17:01:50.822+0000] {manager.py:878} INFO - 
================================================================================
DAG File Processing Stats

File Path                          PID    Runtime      # DAGs    # Errors  Last Runtime    Last Run
---------------------------------  -----  ---------  --------  ----------  --------------  -------------------
/opt/airflow/dags/etl_pipeline.py                           1           0  0.44s           2025-06-27T17:01:22
================================================================================
[2025-06-27T17:02:21.394+0000] {manager.py:878} INFO - 
================================================================================
DAG File Processing Stats

File Path                          PID    Runtime      # DAGs    # Errors  Last Runtime    Last Run
---------------------------------  -----  ---------  --------  ----------  --------------  -------------------
/opt/airflow/dags/etl_pipeline.py                           0           1  0.06s           2025-06-27T17:02:09
================================================================================
[2025-06-27T17:02:51.539+0000] {manager.py:878} INFO - 
================================================================================
DAG File Processing Stats

File Path                          PID    Runtime      # DAGs    # Errors  Last Runtime    Last Run
---------------------------------  -----  ---------  --------  ----------  --------------  -------------------
/opt/airflow/dags/etl_pipeline.py                           1           0  0.28s           2025-06-27T17:02:39
================================================================================
[2025-06-27T17:03:21.909+0000] {manager.py:878} INFO - 
================================================================================
DAG File Processing Stats

File Path                          PID    Runtime      # DAGs    # Errors  Last Runtime    Last Run
---------------------------------  -----  ---------  --------  ----------  --------------  -------------------
/opt/airflow/dags/etl_pipeline.py                           1           0  0.28s           2025-06-27T17:03:10
================================================================================
[2025-06-27T17:03:42.243+0000] {manager.py:737} INFO - Searching for files in /opt/airflow/dags
[2025-06-27T17:03:42.254+0000] {manager.py:740} INFO - There are 1 files in /opt/airflow/dags
[2025-06-27T17:03:52.298+0000] {manager.py:878} INFO - 
================================================================================
DAG File Processing Stats

File Path                          PID    Runtime      # DAGs    # Errors  Last Runtime    Last Run
---------------------------------  -----  ---------  --------  ----------  --------------  -------------------
/opt/airflow/dags/etl_pipeline.py                           1           0  0.27s           2025-06-27T17:03:40
================================================================================
[2025-06-27T17:04:22.321+0000] {manager.py:878} INFO - 
================================================================================
DAG File Processing Stats

File Path                          PID    Runtime      # DAGs    # Errors  Last Runtime    Last Run
---------------------------------  -----  ---------  --------  ----------  --------------  -------------------
/opt/airflow/dags/etl_pipeline.py                           1           0  0.28s           2025-06-27T17:04:16
================================================================================
[2025-06-27T17:04:52.425+0000] {manager.py:878} INFO - 
================================================================================
DAG File Processing Stats

File Path                          PID    Runtime      # DAGs    # Errors  Last Runtime    Last Run
---------------------------------  -----  ---------  --------  ----------  --------------  -------------------
/opt/airflow/dags/etl_pipeline.py                           1           0  0.35s           2025-06-27T17:04:46
================================================================================
[2025-06-27T17:05:22.879+0000] {manager.py:878} INFO - 
================================================================================
DAG File Processing Stats

File Path                          PID    Runtime      # DAGs    # Errors  Last Runtime    Last Run
---------------------------------  -----  ---------  --------  ----------  --------------  -------------------
/opt/airflow/dags/etl_pipeline.py                           1           0  0.27s           2025-06-27T17:05:17
================================================================================
[2025-06-27T17:05:53.248+0000] {manager.py:878} INFO - 
================================================================================
DAG File Processing Stats

File Path                          PID    Runtime      # DAGs    # Errors  Last Runtime    Last Run
---------------------------------  -----  ---------  --------  ----------  --------------  -------------------
/opt/airflow/dags/etl_pipeline.py                           1           0  0.41s           2025-06-27T17:05:47
================================================================================
[2025-06-27T17:06:23.763+0000] {manager.py:878} INFO - 
================================================================================
DAG File Processing Stats

File Path                          PID    Runtime      # DAGs    # Errors  Last Runtime    Last Run
---------------------------------  -----  ---------  --------  ----------  --------------  -------------------
/opt/airflow/dags/etl_pipeline.py                           1           0  0.28s           2025-06-27T17:06:18
================================================================================
[2025-06-27T17:06:54.140+0000] {manager.py:878} INFO - 
================================================================================
DAG File Processing Stats

File Path                          PID    Runtime      # DAGs    # Errors  Last Runtime    Last Run
---------------------------------  -----  ---------  --------  ----------  --------------  -------------------
/opt/airflow/dags/etl_pipeline.py                           1           0  0.27s           2025-06-27T17:06:48
================================================================================
[2025-06-27T17:07:24.509+0000] {manager.py:878} INFO - 
================================================================================
DAG File Processing Stats

File Path                          PID    Runtime      # DAGs    # Errors  Last Runtime    Last Run
---------------------------------  -----  ---------  --------  ----------  --------------  -------------------
/opt/airflow/dags/etl_pipeline.py                           1           0  0.32s           2025-06-27T17:07:18
================================================================================
[2025-06-27T17:07:54.931+0000] {manager.py:878} INFO - 
================================================================================
DAG File Processing Stats

File Path                          PID    Runtime      # DAGs    # Errors  Last Runtime    Last Run
---------------------------------  -----  ---------  --------  ----------  --------------  -------------------
/opt/airflow/dags/etl_pipeline.py                           1           0  0.28s           2025-06-27T17:07:49
================================================================================
[2025-06-27T17:08:25.309+0000] {manager.py:878} INFO - 
================================================================================
DAG File Processing Stats

File Path                          PID    Runtime      # DAGs    # Errors  Last Runtime    Last Run
---------------------------------  -----  ---------  --------  ----------  --------------  -------------------
/opt/airflow/dags/etl_pipeline.py                           1           0  0.28s           2025-06-27T17:08:19
================================================================================
[2025-06-27T17:08:42.371+0000] {manager.py:737} INFO - Searching for files in /opt/airflow/dags
[2025-06-27T17:08:42.381+0000] {manager.py:740} INFO - There are 1 files in /opt/airflow/dags
[2025-06-27T17:08:55.685+0000] {manager.py:878} INFO - 
================================================================================
DAG File Processing Stats

File Path                          PID    Runtime      # DAGs    # Errors  Last Runtime    Last Run
---------------------------------  -----  ---------  --------  ----------  --------------  -------------------
/opt/airflow/dags/etl_pipeline.py                           1           0  0.29s           2025-06-27T17:08:49
================================================================================
[2025-06-27T17:09:26.064+0000] {manager.py:878} INFO - 
================================================================================
DAG File Processing Stats

File Path                          PID    Runtime      # DAGs    # Errors  Last Runtime    Last Run
---------------------------------  -----  ---------  --------  ----------  --------------  -------------------
/opt/airflow/dags/etl_pipeline.py                           1           0  0.28s           2025-06-27T17:09:20
================================================================================
[2025-06-27T17:09:45.296+0000] {manager.py:452} INFO - Exiting gracefully upon receiving signal 15
[2025-06-27T17:16:58.174+0000] {manager.py:470} INFO - Processing files using up to 2 processes at a time 
[2025-06-27T17:16:58.175+0000] {manager.py:471} INFO - Process each file at most once every 30 seconds
[2025-06-27T17:16:58.176+0000] {manager.py:472} INFO - Checking for new files in /opt/airflow/dags every 300 seconds
[2025-06-27T17:16:58.177+0000] {manager.py:737} INFO - Searching for files in /opt/airflow/dags
[2025-06-27T17:16:58.199+0000] {manager.py:740} INFO - There are 1 files in /opt/airflow/dags
[2025-06-27T17:16:58.295+0000] {manager.py:878} INFO - 
================================================================================
DAG File Processing Stats

File Path                            PID  Runtime      # DAGs    # Errors  Last Runtime    Last Run
---------------------------------  -----  ---------  --------  ----------  --------------  ----------
/opt/airflow/dags/etl_pipeline.py    168  0.03s             0           0
================================================================================
[2025-06-27T17:17:28.408+0000] {manager.py:878} INFO - 
================================================================================
DAG File Processing Stats

File Path                          PID    Runtime      # DAGs    # Errors  Last Runtime    Last Run
---------------------------------  -----  ---------  --------  ----------  --------------  -------------------
/opt/airflow/dags/etl_pipeline.py                           1           0  1.24s           2025-06-27T17:16:59
================================================================================
[2025-06-27T17:17:58.706+0000] {manager.py:878} INFO - 
================================================================================
DAG File Processing Stats

File Path                          PID    Runtime      # DAGs    # Errors  Last Runtime    Last Run
---------------------------------  -----  ---------  --------  ----------  --------------  -------------------
/opt/airflow/dags/etl_pipeline.py                           1           0  0.28s           2025-06-27T17:17:29
================================================================================
[2025-06-27T17:18:29.084+0000] {manager.py:878} INFO - 
================================================================================
DAG File Processing Stats

File Path                          PID    Runtime      # DAGs    # Errors  Last Runtime    Last Run
---------------------------------  -----  ---------  --------  ----------  --------------  -------------------
/opt/airflow/dags/etl_pipeline.py                           1           0  0.31s           2025-06-27T17:18:00
================================================================================
[2025-06-27T17:18:59.495+0000] {manager.py:878} INFO - 
================================================================================
DAG File Processing Stats

File Path                          PID    Runtime      # DAGs    # Errors  Last Runtime    Last Run
---------------------------------  -----  ---------  --------  ----------  --------------  -------------------
/opt/airflow/dags/etl_pipeline.py                           1           0  0.30s           2025-06-27T17:18:30
================================================================================
[2025-06-27T17:19:29.892+0000] {manager.py:878} INFO - 
================================================================================
DAG File Processing Stats

File Path                          PID    Runtime      # DAGs    # Errors  Last Runtime    Last Run
---------------------------------  -----  ---------  --------  ----------  --------------  -------------------
/opt/airflow/dags/etl_pipeline.py                           1           0  0.43s           2025-06-27T17:19:01
================================================================================
[2025-06-27T17:20:00.429+0000] {manager.py:878} INFO - 
================================================================================
DAG File Processing Stats

File Path                          PID    Runtime      # DAGs    # Errors  Last Runtime    Last Run
---------------------------------  -----  ---------  --------  ----------  --------------  -------------------
/opt/airflow/dags/etl_pipeline.py                           1           0  0.29s           2025-06-27T17:19:31
================================================================================
[2025-06-27T17:20:30.820+0000] {manager.py:878} INFO - 
================================================================================
DAG File Processing Stats

File Path                          PID    Runtime      # DAGs    # Errors  Last Runtime    Last Run
---------------------------------  -----  ---------  --------  ----------  --------------  -------------------
/opt/airflow/dags/etl_pipeline.py                           1           0  0.33s           2025-06-27T17:20:02
================================================================================
[2025-06-27T17:21:00.949+0000] {manager.py:878} INFO - 
================================================================================
DAG File Processing Stats

File Path                          PID    Runtime      # DAGs    # Errors  Last Runtime    Last Run
---------------------------------  -----  ---------  --------  ----------  --------------  -------------------
/opt/airflow/dags/etl_pipeline.py                           1           0  0.29s           2025-06-27T17:20:42
================================================================================
[2025-06-27T17:21:31.363+0000] {manager.py:878} INFO - 
================================================================================
DAG File Processing Stats

File Path                          PID    Runtime      # DAGs    # Errors  Last Runtime    Last Run
---------------------------------  -----  ---------  --------  ----------  --------------  -------------------
/opt/airflow/dags/etl_pipeline.py                           1           0  0.29s           2025-06-27T17:21:16
================================================================================
[2025-06-27T17:21:58.735+0000] {manager.py:737} INFO - Searching for files in /opt/airflow/dags
[2025-06-27T17:21:58.747+0000] {manager.py:740} INFO - There are 1 files in /opt/airflow/dags
[2025-06-27T17:22:01.768+0000] {manager.py:878} INFO - 
================================================================================
DAG File Processing Stats

File Path                          PID    Runtime      # DAGs    # Errors  Last Runtime    Last Run
---------------------------------  -----  ---------  --------  ----------  --------------  -------------------
/opt/airflow/dags/etl_pipeline.py                           1           0  0.28s           2025-06-27T17:21:46
================================================================================
[2025-06-27T17:22:32.025+0000] {manager.py:878} INFO - 
================================================================================
DAG File Processing Stats

File Path                          PID    Runtime      # DAGs    # Errors  Last Runtime    Last Run
---------------------------------  -----  ---------  --------  ----------  --------------  -------------------
/opt/airflow/dags/etl_pipeline.py                           1           0  0.29s           2025-06-27T17:22:32
================================================================================
[2025-06-27T17:23:02.143+0000] {manager.py:878} INFO - 
================================================================================
DAG File Processing Stats

File Path                            PID  Runtime      # DAGs    # Errors  Last Runtime    Last Run
---------------------------------  -----  ---------  --------  ----------  --------------  -------------------
/opt/airflow/dags/etl_pipeline.py    282  0.00s             1           0  0.30s           2025-06-27T17:22:51
================================================================================
[2025-06-27T17:23:32.721+0000] {manager.py:878} INFO - 
================================================================================
DAG File Processing Stats

File Path                          PID    Runtime      # DAGs    # Errors  Last Runtime    Last Run
---------------------------------  -----  ---------  --------  ----------  --------------  -------------------
/opt/airflow/dags/etl_pipeline.py                           1           0  1.97s           2025-06-27T17:23:31
================================================================================
[2025-06-27T17:24:03.405+0000] {manager.py:878} INFO - 
================================================================================
DAG File Processing Stats

File Path                          PID    Runtime      # DAGs    # Errors  Last Runtime    Last Run
---------------------------------  -----  ---------  --------  ----------  --------------  -------------------
/opt/airflow/dags/etl_pipeline.py                           1           0  1.77s           2025-06-27T17:23:41
================================================================================
[2025-06-27T17:24:33.542+0000] {manager.py:878} INFO - 
================================================================================
DAG File Processing Stats

File Path                          PID    Runtime      # DAGs    # Errors  Last Runtime    Last Run
---------------------------------  -----  ---------  --------  ----------  --------------  -------------------
/opt/airflow/dags/etl_pipeline.py                           1           0  0.32s           2025-06-27T17:24:11
================================================================================
[2025-06-27T17:25:03.945+0000] {manager.py:878} INFO - 
================================================================================
DAG File Processing Stats

File Path                          PID    Runtime      # DAGs    # Errors  Last Runtime    Last Run
---------------------------------  -----  ---------  --------  ----------  --------------  -------------------
/opt/airflow/dags/etl_pipeline.py                           1           0  0.48s           2025-06-27T17:24:42
================================================================================
[2025-06-27T17:25:34.544+0000] {manager.py:878} INFO - 
================================================================================
DAG File Processing Stats

File Path                          PID    Runtime      # DAGs    # Errors  Last Runtime    Last Run
---------------------------------  -----  ---------  --------  ----------  --------------  -------------------
/opt/airflow/dags/etl_pipeline.py                           1           0  0.31s           2025-06-27T17:25:12
================================================================================
[2025-06-27T17:26:04.957+0000] {manager.py:878} INFO - 
================================================================================
DAG File Processing Stats

File Path                          PID    Runtime      # DAGs    # Errors  Last Runtime    Last Run
---------------------------------  -----  ---------  --------  ----------  --------------  -------------------
/opt/airflow/dags/etl_pipeline.py                           1           0  0.30s           2025-06-27T17:25:43
================================================================================
[2025-06-27T17:26:34.977+0000] {manager.py:878} INFO - 
================================================================================
DAG File Processing Stats

File Path                          PID    Runtime      # DAGs    # Errors  Last Runtime    Last Run
---------------------------------  -----  ---------  --------  ----------  --------------  -------------------
/opt/airflow/dags/etl_pipeline.py                           1           0  0.32s           2025-06-27T17:26:25
================================================================================
[2025-06-27T17:26:59.192+0000] {manager.py:737} INFO - Searching for files in /opt/airflow/dags
[2025-06-27T17:26:59.206+0000] {manager.py:740} INFO - There are 1 files in /opt/airflow/dags
[2025-06-27T17:27:05.245+0000] {manager.py:878} INFO - 
================================================================================
DAG File Processing Stats

File Path                          PID    Runtime      # DAGs    # Errors  Last Runtime    Last Run
---------------------------------  -----  ---------  --------  ----------  --------------  -------------------
/opt/airflow/dags/etl_pipeline.py                           1           0  1.89s           2025-06-27T17:26:52
================================================================================
[2025-06-27T17:27:35.426+0000] {manager.py:878} INFO - 
================================================================================
DAG File Processing Stats

File Path                          PID    Runtime      # DAGs    # Errors  Last Runtime    Last Run
---------------------------------  -----  ---------  --------  ----------  --------------  -------------------
/opt/airflow/dags/etl_pipeline.py                           1           0  0.34s           2025-06-27T17:27:22
================================================================================
[2025-06-27T17:28:05.804+0000] {manager.py:878} INFO - 
================================================================================
DAG File Processing Stats

File Path                          PID    Runtime      # DAGs    # Errors  Last Runtime    Last Run
---------------------------------  -----  ---------  --------  ----------  --------------  -------------------
/opt/airflow/dags/etl_pipeline.py                           1           0  0.30s           2025-06-27T17:27:53
================================================================================
[2025-06-27T17:28:36.199+0000] {manager.py:878} INFO - 
================================================================================
DAG File Processing Stats

File Path                          PID    Runtime      # DAGs    # Errors  Last Runtime    Last Run
---------------------------------  -----  ---------  --------  ----------  --------------  -------------------
/opt/airflow/dags/etl_pipeline.py                           1           0  0.33s           2025-06-27T17:28:23
================================================================================
[2025-06-27T17:29:06.630+0000] {manager.py:878} INFO - 
================================================================================
DAG File Processing Stats

File Path                          PID    Runtime      # DAGs    # Errors  Last Runtime    Last Run
---------------------------------  -----  ---------  --------  ----------  --------------  -------------------
/opt/airflow/dags/etl_pipeline.py                           1           0  0.32s           2025-06-27T17:28:53
================================================================================
[2025-06-27T17:29:37.060+0000] {manager.py:878} INFO - 
================================================================================
DAG File Processing Stats

File Path                          PID    Runtime      # DAGs    # Errors  Last Runtime    Last Run
---------------------------------  -----  ---------  --------  ----------  --------------  -------------------
/opt/airflow/dags/etl_pipeline.py                           1           0  3.26s           2025-06-27T17:29:34
================================================================================
[2025-06-27T17:30:07.274+0000] {manager.py:878} INFO - 
================================================================================
DAG File Processing Stats

File Path                          PID    Runtime      # DAGs    # Errors  Last Runtime    Last Run
---------------------------------  -----  ---------  --------  ----------  --------------  -------------------
/opt/airflow/dags/etl_pipeline.py                           1           0  0.40s           2025-06-27T17:29:41
================================================================================
[2025-06-27T17:30:37.527+0000] {manager.py:878} INFO - 
================================================================================
DAG File Processing Stats

File Path                          PID    Runtime      # DAGs    # Errors  Last Runtime    Last Run
---------------------------------  -----  ---------  --------  ----------  --------------  -------------------
/opt/airflow/dags/etl_pipeline.py                           1           0  0.32s           2025-06-27T17:30:11
================================================================================
[2025-06-27T17:31:07.951+0000] {manager.py:878} INFO - 
================================================================================
DAG File Processing Stats

File Path                          PID    Runtime      # DAGs    # Errors  Last Runtime    Last Run
---------------------------------  -----  ---------  --------  ----------  --------------  -------------------
/opt/airflow/dags/etl_pipeline.py                           1           0  0.32s           2025-06-27T17:30:42
================================================================================
[2025-06-27T17:31:38.368+0000] {manager.py:878} INFO - 
================================================================================
DAG File Processing Stats

File Path                          PID    Runtime      # DAGs    # Errors  Last Runtime    Last Run
---------------------------------  -----  ---------  --------  ----------  --------------  -------------------
/opt/airflow/dags/etl_pipeline.py                           1           0  0.31s           2025-06-27T17:31:12
================================================================================
[2025-06-27T17:31:59.748+0000] {manager.py:737} INFO - Searching for files in /opt/airflow/dags
[2025-06-27T17:31:59.760+0000] {manager.py:740} INFO - There are 1 files in /opt/airflow/dags
[2025-06-27T17:32:08.807+0000] {manager.py:878} INFO - 
================================================================================
DAG File Processing Stats

File Path                          PID    Runtime      # DAGs    # Errors  Last Runtime    Last Run
---------------------------------  -----  ---------  --------  ----------  --------------  -------------------
/opt/airflow/dags/etl_pipeline.py                           1           0  0.31s           2025-06-27T17:31:42
================================================================================
[2025-06-27T17:32:39.192+0000] {manager.py:878} INFO - 
================================================================================
DAG File Processing Stats

File Path                          PID    Runtime      # DAGs    # Errors  Last Runtime    Last Run
---------------------------------  -----  ---------  --------  ----------  --------------  -------------------
/opt/airflow/dags/etl_pipeline.py                           1           0  0.30s           2025-06-27T17:32:13
================================================================================
[2025-06-27T17:33:09.594+0000] {manager.py:878} INFO - 
================================================================================
DAG File Processing Stats

File Path                          PID    Runtime      # DAGs    # Errors  Last Runtime    Last Run
---------------------------------  -----  ---------  --------  ----------  --------------  -------------------
/opt/airflow/dags/etl_pipeline.py                           1           0  0.32s           2025-06-27T17:32:43
================================================================================
[2025-06-27T17:33:40.014+0000] {manager.py:878} INFO - 
================================================================================
DAG File Processing Stats

File Path                          PID    Runtime      # DAGs    # Errors  Last Runtime    Last Run
---------------------------------  -----  ---------  --------  ----------  --------------  -------------------
/opt/airflow/dags/etl_pipeline.py                           1           0  0.32s           2025-06-27T17:33:14
================================================================================
[2025-06-27T17:34:10.139+0000] {manager.py:878} INFO - 
================================================================================
DAG File Processing Stats

File Path                          PID    Runtime      # DAGs    # Errors  Last Runtime    Last Run
---------------------------------  -----  ---------  --------  ----------  --------------  -------------------
/opt/airflow/dags/etl_pipeline.py                           1           0  0.76s           2025-06-27T17:33:45
================================================================================
[2025-06-27T17:34:40.269+0000] {manager.py:878} INFO - 
================================================================================
DAG File Processing Stats

File Path                          PID    Runtime      # DAGs    # Errors  Last Runtime    Last Run
---------------------------------  -----  ---------  --------  ----------  --------------  -------------------
/opt/airflow/dags/etl_pipeline.py                           1           0  0.30s           2025-06-27T17:34:15
================================================================================
[2025-06-27T17:35:10.658+0000] {manager.py:878} INFO - 
================================================================================
DAG File Processing Stats

File Path                          PID    Runtime      # DAGs    # Errors  Last Runtime    Last Run
---------------------------------  -----  ---------  --------  ----------  --------------  -------------------
/opt/airflow/dags/etl_pipeline.py                           1           0  0.29s           2025-06-27T17:34:45
================================================================================
[2025-06-27T17:35:41.043+0000] {manager.py:878} INFO - 
================================================================================
DAG File Processing Stats

File Path                          PID    Runtime      # DAGs    # Errors  Last Runtime    Last Run
---------------------------------  -----  ---------  --------  ----------  --------------  -------------------
/opt/airflow/dags/etl_pipeline.py                           1           0  0.31s           2025-06-27T17:35:16
================================================================================
[2025-06-27T17:36:11.453+0000] {manager.py:878} INFO - 
================================================================================
DAG File Processing Stats

File Path                          PID    Runtime      # DAGs    # Errors  Last Runtime    Last Run
---------------------------------  -----  ---------  --------  ----------  --------------  -------------------
/opt/airflow/dags/etl_pipeline.py                           1           0  0.30s           2025-06-27T17:35:46
================================================================================
[2025-06-27T17:36:41.851+0000] {manager.py:878} INFO - 
================================================================================
DAG File Processing Stats

File Path                          PID    Runtime      # DAGs    # Errors  Last Runtime    Last Run
---------------------------------  -----  ---------  --------  ----------  --------------  -------------------
/opt/airflow/dags/etl_pipeline.py                           1           0  0.30s           2025-06-27T17:36:17
================================================================================
[2025-06-27T17:37:00.197+0000] {manager.py:737} INFO - Searching for files in /opt/airflow/dags
[2025-06-27T17:37:00.211+0000] {manager.py:740} INFO - There are 1 files in /opt/airflow/dags
[2025-06-27T17:37:12.267+0000] {manager.py:878} INFO - 
================================================================================
DAG File Processing Stats

File Path                          PID    Runtime      # DAGs    # Errors  Last Runtime    Last Run
---------------------------------  -----  ---------  --------  ----------  --------------  -------------------
/opt/airflow/dags/etl_pipeline.py                           1           0  0.29s           2025-06-27T17:36:47
================================================================================
[2025-06-27T17:37:42.633+0000] {manager.py:878} INFO - 
================================================================================
DAG File Processing Stats

File Path                          PID    Runtime      # DAGs    # Errors  Last Runtime    Last Run
---------------------------------  -----  ---------  --------  ----------  --------------  -------------------
/opt/airflow/dags/etl_pipeline.py                           1           0  0.32s           2025-06-27T17:37:17
================================================================================
[2025-06-27T17:38:13.047+0000] {manager.py:878} INFO - 
================================================================================
DAG File Processing Stats

File Path                          PID    Runtime      # DAGs    # Errors  Last Runtime    Last Run
---------------------------------  -----  ---------  --------  ----------  --------------  -------------------
/opt/airflow/dags/etl_pipeline.py                           1           0  0.31s           2025-06-27T17:37:48
================================================================================
[2025-06-27T17:38:43.461+0000] {manager.py:878} INFO - 
================================================================================
DAG File Processing Stats

File Path                          PID    Runtime      # DAGs    # Errors  Last Runtime    Last Run
---------------------------------  -----  ---------  --------  ----------  --------------  -------------------
/opt/airflow/dags/etl_pipeline.py                           1           0  0.31s           2025-06-27T17:38:18
================================================================================
[2025-06-27T17:39:13.864+0000] {manager.py:878} INFO - 
================================================================================
DAG File Processing Stats

File Path                          PID    Runtime      # DAGs    # Errors  Last Runtime    Last Run
---------------------------------  -----  ---------  --------  ----------  --------------  -------------------
/opt/airflow/dags/etl_pipeline.py                           1           0  0.31s           2025-06-27T17:38:49
================================================================================
[2025-06-27T17:39:44.284+0000] {manager.py:878} INFO - 
================================================================================
DAG File Processing Stats

File Path                          PID    Runtime      # DAGs    # Errors  Last Runtime    Last Run
---------------------------------  -----  ---------  --------  ----------  --------------  -------------------
/opt/airflow/dags/etl_pipeline.py                           1           0  0.30s           2025-06-27T17:39:19
================================================================================
[2025-06-27T17:40:14.675+0000] {manager.py:878} INFO - 
================================================================================
DAG File Processing Stats

File Path                          PID    Runtime      # DAGs    # Errors  Last Runtime    Last Run
---------------------------------  -----  ---------  --------  ----------  --------------  -------------------
/opt/airflow/dags/etl_pipeline.py                           1           0  0.32s           2025-06-27T17:39:49
================================================================================
[2025-06-27T17:40:45.086+0000] {manager.py:878} INFO - 
================================================================================
DAG File Processing Stats

File Path                          PID    Runtime      # DAGs    # Errors  Last Runtime    Last Run
---------------------------------  -----  ---------  --------  ----------  --------------  -------------------
/opt/airflow/dags/etl_pipeline.py                           1           0  0.30s           2025-06-27T17:40:20
================================================================================
[2025-06-27T17:41:13.739+0000] {manager.py:452} INFO - Exiting gracefully upon receiving signal 15
[2025-06-30T21:14:31.887+0000] {manager.py:470} INFO - Processing files using up to 2 processes at a time 
[2025-06-30T21:14:31.888+0000] {manager.py:471} INFO - Process each file at most once every 30 seconds
[2025-06-30T21:14:31.888+0000] {manager.py:472} INFO - Checking for new files in /opt/airflow/dags every 300 seconds
[2025-06-30T21:14:31.889+0000] {manager.py:737} INFO - Searching for files in /opt/airflow/dags
[2025-06-30T21:14:31.904+0000] {manager.py:740} INFO - There are 1 files in /opt/airflow/dags
[2025-06-30T21:14:31.997+0000] {manager.py:878} INFO - 
================================================================================
DAG File Processing Stats

File Path                            PID  Runtime      # DAGs    # Errors  Last Runtime    Last Run
---------------------------------  -----  ---------  --------  ----------  --------------  ----------
/opt/airflow/dags/etl_pipeline.py    168  0.04s             0           0
================================================================================
[2025-06-30T21:15:02.081+0000] {manager.py:878} INFO - 
================================================================================
DAG File Processing Stats

File Path                          PID    Runtime      # DAGs    # Errors  Last Runtime    Last Run
---------------------------------  -----  ---------  --------  ----------  --------------  -------------------
/opt/airflow/dags/etl_pipeline.py                           1           0  1.02s           2025-06-30T21:14:32
================================================================================
[2025-06-30T21:15:32.206+0000] {manager.py:878} INFO - 
================================================================================
DAG File Processing Stats

File Path                          PID    Runtime      # DAGs    # Errors  Last Runtime    Last Run
---------------------------------  -----  ---------  --------  ----------  --------------  -------------------
/opt/airflow/dags/etl_pipeline.py                           1           0  0.55s           2025-06-30T21:15:03
================================================================================
[2025-06-30T21:16:02.295+0000] {manager.py:878} INFO - 
================================================================================
DAG File Processing Stats

File Path                          PID    Runtime      # DAGs    # Errors  Last Runtime    Last Run
---------------------------------  -----  ---------  --------  ----------  --------------  -------------------
/opt/airflow/dags/etl_pipeline.py                           1           0  0.44s           2025-06-30T21:15:34
================================================================================
[2025-06-30T21:16:32.425+0000] {manager.py:878} INFO - 
================================================================================
DAG File Processing Stats

File Path                          PID    Runtime      # DAGs    # Errors  Last Runtime    Last Run
---------------------------------  -----  ---------  --------  ----------  --------------  -------------------
/opt/airflow/dags/etl_pipeline.py                           1           0  0.38s           2025-06-30T21:16:04
================================================================================
[2025-06-30T21:17:02.912+0000] {manager.py:878} INFO - 
================================================================================
DAG File Processing Stats

File Path                          PID    Runtime      # DAGs    # Errors  Last Runtime    Last Run
---------------------------------  -----  ---------  --------  ----------  --------------  -------------------
/opt/airflow/dags/etl_pipeline.py                           1           0  0.37s           2025-06-30T21:16:35
================================================================================
[2025-06-30T21:17:33.395+0000] {manager.py:878} INFO - 
================================================================================
DAG File Processing Stats

File Path                          PID    Runtime      # DAGs    # Errors  Last Runtime    Last Run
---------------------------------  -----  ---------  --------  ----------  --------------  -------------------
/opt/airflow/dags/etl_pipeline.py                           1           0  0.38s           2025-06-30T21:17:05
================================================================================
[2025-06-30T21:18:03.896+0000] {manager.py:878} INFO - 
================================================================================
DAG File Processing Stats

File Path                          PID    Runtime      # DAGs    # Errors  Last Runtime    Last Run
---------------------------------  -----  ---------  --------  ----------  --------------  -------------------
/opt/airflow/dags/etl_pipeline.py                           1           0  0.37s           2025-06-30T21:17:36
================================================================================
[2025-06-30T21:18:34.386+0000] {manager.py:878} INFO - 
================================================================================
DAG File Processing Stats

File Path                          PID    Runtime      # DAGs    # Errors  Last Runtime    Last Run
---------------------------------  -----  ---------  --------  ----------  --------------  -------------------
/opt/airflow/dags/etl_pipeline.py                           1           0  0.38s           2025-06-30T21:18:06
================================================================================
[2025-06-30T21:19:04.883+0000] {manager.py:878} INFO - 
================================================================================
DAG File Processing Stats

File Path                          PID    Runtime      # DAGs    # Errors  Last Runtime    Last Run
---------------------------------  -----  ---------  --------  ----------  --------------  -------------------
/opt/airflow/dags/etl_pipeline.py                           1           0  0.40s           2025-06-30T21:18:37
================================================================================
[2025-07-01T07:03:58.748+0000] {manager.py:470} INFO - Processing files using up to 2 processes at a time 
[2025-07-01T07:03:58.750+0000] {manager.py:471} INFO - Process each file at most once every 30 seconds
[2025-07-01T07:03:58.751+0000] {manager.py:472} INFO - Checking for new files in /opt/airflow/dags every 300 seconds
[2025-07-01T07:03:58.752+0000] {manager.py:737} INFO - Searching for files in /opt/airflow/dags
[2025-07-01T07:03:58.777+0000] {manager.py:740} INFO - There are 1 files in /opt/airflow/dags
[2025-07-01T07:03:58.908+0000] {manager.py:878} INFO - 
================================================================================
DAG File Processing Stats

File Path                            PID  Runtime      # DAGs    # Errors  Last Runtime    Last Run
---------------------------------  -----  ---------  --------  ----------  --------------  ----------
/opt/airflow/dags/etl_pipeline.py    167  0.07s             0           0
================================================================================
[2025-07-01T07:04:29.017+0000] {manager.py:878} INFO - 
================================================================================
DAG File Processing Stats

File Path                          PID    Runtime      # DAGs    # Errors  Last Runtime    Last Run
---------------------------------  -----  ---------  --------  ----------  --------------  -------------------
/opt/airflow/dags/etl_pipeline.py                           1           0  1.72s           2025-07-01T07:04:00
================================================================================
[2025-07-01T07:04:59.145+0000] {manager.py:878} INFO - 
================================================================================
DAG File Processing Stats

File Path                          PID    Runtime      # DAGs    # Errors  Last Runtime    Last Run
---------------------------------  -----  ---------  --------  ----------  --------------  -------------------
/opt/airflow/dags/etl_pipeline.py                           1           0  0.37s           2025-07-01T07:04:31
================================================================================
[2025-07-01T07:05:29.285+0000] {manager.py:878} INFO - 
================================================================================
DAG File Processing Stats

File Path                          PID    Runtime      # DAGs    # Errors  Last Runtime    Last Run
---------------------------------  -----  ---------  --------  ----------  --------------  -------------------
/opt/airflow/dags/etl_pipeline.py                           1           0  0.38s           2025-07-01T07:05:01
================================================================================
[2025-07-01T07:05:59.760+0000] {manager.py:878} INFO - 
================================================================================
DAG File Processing Stats

File Path                          PID    Runtime      # DAGs    # Errors  Last Runtime    Last Run
---------------------------------  -----  ---------  --------  ----------  --------------  -------------------
/opt/airflow/dags/etl_pipeline.py                           1           0  0.36s           2025-07-01T07:05:32
================================================================================
[2025-07-01T07:06:30.211+0000] {manager.py:878} INFO - 
================================================================================
DAG File Processing Stats

File Path                          PID    Runtime      # DAGs    # Errors  Last Runtime    Last Run
---------------------------------  -----  ---------  --------  ----------  --------------  -------------------
/opt/airflow/dags/etl_pipeline.py                           1           0  0.36s           2025-07-01T07:06:02
================================================================================
[2025-07-01T07:07:00.684+0000] {manager.py:878} INFO - 
================================================================================
DAG File Processing Stats

File Path                          PID    Runtime      # DAGs    # Errors  Last Runtime    Last Run
---------------------------------  -----  ---------  --------  ----------  --------------  -------------------
/opt/airflow/dags/etl_pipeline.py                           1           0  0.36s           2025-07-01T07:06:32
================================================================================
[2025-07-01T07:07:31.143+0000] {manager.py:878} INFO - 
================================================================================
DAG File Processing Stats

File Path                          PID    Runtime      # DAGs    # Errors  Last Runtime    Last Run
---------------------------------  -----  ---------  --------  ----------  --------------  -------------------
/opt/airflow/dags/etl_pipeline.py                           1           0  0.36s           2025-07-01T07:07:03
================================================================================
[2025-07-01T07:08:01.618+0000] {manager.py:878} INFO - 
================================================================================
DAG File Processing Stats

File Path                          PID    Runtime      # DAGs    # Errors  Last Runtime    Last Run
---------------------------------  -----  ---------  --------  ----------  --------------  -------------------
/opt/airflow/dags/etl_pipeline.py                           1           0  0.37s           2025-07-01T07:07:33
================================================================================
[2025-07-01T07:08:32.090+0000] {manager.py:878} INFO - 
================================================================================
DAG File Processing Stats

File Path                          PID    Runtime      # DAGs    # Errors  Last Runtime    Last Run
---------------------------------  -----  ---------  --------  ----------  --------------  -------------------
/opt/airflow/dags/etl_pipeline.py                           1           0  0.37s           2025-07-01T07:08:04
================================================================================
[2025-07-01T07:08:58.934+0000] {manager.py:737} INFO - Searching for files in /opt/airflow/dags
[2025-07-01T07:08:58.947+0000] {manager.py:740} INFO - There are 1 files in /opt/airflow/dags
[2025-07-01T07:09:02.575+0000] {manager.py:878} INFO - 
================================================================================
DAG File Processing Stats

File Path                          PID    Runtime      # DAGs    # Errors  Last Runtime    Last Run
---------------------------------  -----  ---------  --------  ----------  --------------  -------------------
/opt/airflow/dags/etl_pipeline.py                           1           0  0.39s           2025-07-01T07:08:34
================================================================================
[2025-07-01T07:09:33.097+0000] {manager.py:878} INFO - 
================================================================================
DAG File Processing Stats

File Path                          PID    Runtime      # DAGs    # Errors  Last Runtime    Last Run
---------------------------------  -----  ---------  --------  ----------  --------------  -------------------
/opt/airflow/dags/etl_pipeline.py                           1           0  0.39s           2025-07-01T07:09:05
================================================================================
[2025-07-01T07:10:03.604+0000] {manager.py:878} INFO - 
================================================================================
DAG File Processing Stats

File Path                          PID    Runtime      # DAGs    # Errors  Last Runtime    Last Run
---------------------------------  -----  ---------  --------  ----------  --------------  -------------------
/opt/airflow/dags/etl_pipeline.py                           1           0  0.37s           2025-07-01T07:09:35
================================================================================
[2025-07-01T07:10:34.073+0000] {manager.py:878} INFO - 
================================================================================
DAG File Processing Stats

File Path                          PID    Runtime      # DAGs    # Errors  Last Runtime    Last Run
---------------------------------  -----  ---------  --------  ----------  --------------  -------------------
/opt/airflow/dags/etl_pipeline.py                           1           0  0.36s           2025-07-01T07:10:06
================================================================================
[2025-07-01T07:11:04.531+0000] {manager.py:878} INFO - 
================================================================================
DAG File Processing Stats

File Path                          PID    Runtime      # DAGs    # Errors  Last Runtime    Last Run
---------------------------------  -----  ---------  --------  ----------  --------------  -------------------
/opt/airflow/dags/etl_pipeline.py                           1           0  0.37s           2025-07-01T07:10:36
================================================================================
[2025-07-01T07:11:35.015+0000] {manager.py:878} INFO - 
================================================================================
DAG File Processing Stats

File Path                          PID    Runtime      # DAGs    # Errors  Last Runtime    Last Run
---------------------------------  -----  ---------  --------  ----------  --------------  -------------------
/opt/airflow/dags/etl_pipeline.py                           1           0  0.36s           2025-07-01T07:11:07
================================================================================
[2025-07-01T07:12:05.483+0000] {manager.py:878} INFO - 
================================================================================
DAG File Processing Stats

File Path                          PID    Runtime      # DAGs    # Errors  Last Runtime    Last Run
---------------------------------  -----  ---------  --------  ----------  --------------  -------------------
/opt/airflow/dags/etl_pipeline.py                           1           0  0.38s           2025-07-01T07:11:37
================================================================================
[2025-07-01T07:12:15.589+0000] {manager.py:452} INFO - Exiting gracefully upon receiving signal 15
